  AudioHandler.cpp
D:\CapstoneProject\GameEngines4\Engine\FX\Audio\AudioHandler.h(4,10): fatal error C1083: Cannot open include file: 'fmod.hpp': No such file or directory
  AudioSource.cpp
  Arrive.cpp
D:\CapstoneProject\GameEngines4\Engine\Rendering\3D\Mesh.h(4,10): fatal error C1083: Cannot open include file: 'glew.h': No such file or directory
  A_Star_Node_Priority.cpp
  CollisionAvoidance.cpp
D:\CapstoneProject\GameEngines4\Engine\Rendering\3D\Mesh.h(4,10): fatal error C1083: Cannot open include file: 'glew.h': No such file or directory
  DynamicArrive.cpp
  Graph.cpp
D:\CapstoneProject\GameEngines4\Engine\Rendering\3D\Mesh.h(4,10): fatal error C1083: Cannot open include file: 'glew.h': No such file or directory
  node.cpp
  ObstacleAvoidance.cpp
D:\CapstoneProject\GameEngines4\Engine\Rendering\3D\Mesh.h(4,10): fatal error C1083: Cannot open include file: 'glew.h': No such file or directory
  CollisionDetection.cpp
D:\CapstoneProject\GameEngines4\Engine\Camera\Camera.h(5,10): fatal error C1083: Cannot open include file: 'glm/glm.hpp': No such file or directory
  CollisionHandler.cpp
D:\CapstoneProject\GameEngines4\Engine\Math\Ray.h(4,10): fatal error C1083: Cannot open include file: 'glm/glm.hpp': No such file or directory
  Camera.cpp
D:\CapstoneProject\GameEngines4\Engine\Camera\Camera.h(5,10): fatal error C1083: Cannot open include file: 'glm/glm.hpp': No such file or directory
  Debug.cpp
  CoreEngine.cpp
D:\CapstoneProject\GameEngines4\Engine\Core\Window.h(5,10): fatal error C1083: Cannot open include file: 'SDL.h': No such file or directory
  Physics.cpp
D:\CapstoneProject\GameEngines4\Engine\Rendering\3D\Mesh.h(4,10): fatal error C1083: Cannot open include file: 'glew.h': No such file or directory
  Quaternion.cpp
D:\CapstoneProject\GameEngines4\Engine\Math\Quaternion.h(4,10): fatal error C1083: Cannot open include file: 'glew.h': No such file or directory
  Client.cpp
  Server.cpp
  GameObject.cpp
D:\CapstoneProject\GameEngines4\Engine\Rendering\3D\Mesh.h(4,10): fatal error C1083: Cannot open include file: 'glew.h': No such file or directory
  EventListener.cpp
D:\CapstoneProject\GameEngines4\Engine\Event\MouseEventListener.h(4,10): fatal error C1083: Cannot open include file: 'SDL.h': No such file or directory
  Generating Code...
  Compiling...
  GameScene.cpp
D:\CapstoneProject\GameEngines4\Engine\Core\Window.h(5,10): fatal error C1083: Cannot open include file: 'SDL.h': No such file or directory
  GameTest.cpp
D:\CapstoneProject\GameEngines4\Engine\Core\Window.h(5,10): fatal error C1083: Cannot open include file: 'SDL.h': No such file or directory
  LightSource.cpp
D:\CapstoneProject\GameEngines4\Engine\FX\LightSource.h(4,10): fatal error C1083: Cannot open include file: 'glm/vec3.hpp': No such file or directory
  LoadOBJModel.cpp
D:\CapstoneProject\GameEngines4\Engine\Rendering\3D\Mesh.h(4,10): fatal error C1083: Cannot open include file: 'glew.h': No such file or directory
  Kinematic.cpp
D:\CapstoneProject\GameEngines4\Engine\Rendering\3D\Mesh.h(4,10): fatal error C1083: Cannot open include file: 'glew.h': No such file or directory
  GuiObject.cpp
D:\CapstoneProject\GameEngines4\Engine\Rendering\2D\SpriteSurface.h(4,10): fatal error C1083: Cannot open include file: 'glew.h': No such file or directory
  GuiImageComponent.cpp
D:\CapstoneProject\GameEngines4\Engine\Rendering\2D\SpriteSurface.h(4,10): fatal error C1083: Cannot open include file: 'glew.h': No such file or directory
  Main.cpp
D:\CapstoneProject\GameEngines4\Engine\Core\Window.h(5,10): fatal error C1083: Cannot open include file: 'SDL.h': No such file or directory
  Window.cpp
D:\CapstoneProject\GameEngines4\Engine\Core\Window.h(5,10): fatal error C1083: Cannot open include file: 'SDL.h': No such file or directory
  Timer.cpp
D:\CapstoneProject\GameEngines4\Engine\Core\Timer.h(4,10): fatal error C1083: Cannot open include file: 'SDL.h': No such file or directory
  StartScene.cpp
D:\CapstoneProject\GameEngines4\Engine\Core\Window.h(5,10): fatal error C1083: Cannot open include file: 'SDL.h': No such file or directory
  Mesh.cpp
D:\CapstoneProject\GameEngines4\Engine\Rendering\3D\Mesh.h(4,10): fatal error C1083: Cannot open include file: 'glew.h': No such file or directory
  Model.cpp
D:\CapstoneProject\GameEngines4\Engine\Rendering\3D\Mesh.h(4,10): fatal error C1083: Cannot open include file: 'glew.h': No such file or directory
  ShaderHandler.cpp
D:\CapstoneProject\GameEngines4\Engine\Graphics\ShaderHandler.h(8,10): fatal error C1083: Cannot open include file: 'glew.h': No such file or directory
  TextureHandler.cpp
D:\CapstoneProject\GameEngines4\Engine\Graphics\TextureHandler.h(8,10): fatal error C1083: Cannot open include file: 'SDL.h': No such file or directory
  MouseEventListener.cpp
D:\CapstoneProject\GameEngines4\Engine\Event\MouseEventListener.h(4,10): fatal error C1083: Cannot open include file: 'SDL.h': No such file or directory
  SceneGraph.cpp
D:\CapstoneProject\GameEngines4\Engine\Rendering\3D\Mesh.h(4,10): fatal error C1083: Cannot open include file: 'glew.h': No such file or directory
  MaterialHandler.cpp
D:\CapstoneProject\GameEngines4\Engine\Graphics\MaterialHandler.h(5,10): fatal error C1083: Cannot open include file: 'glew.h': No such file or directory
  MaterialLoader.cpp
D:\CapstoneProject\GameEngines4\Engine\Graphics\MaterialHandler.h(5,10): fatal error C1083: Cannot open include file: 'glew.h': No such file or directory
  OctSpatialPartition.cpp
D:\CapstoneProject\GameEngines4\Engine\Math\Ray.h(4,10): fatal error C1083: Cannot open include file: 'glm/glm.hpp': No such file or directory
  Generating Code...
  Compiling...
  TestClassA.cpp
D:\CapstoneProject\GameEngines4\Engine\Rendering\3D\Mesh.h(4,10): fatal error C1083: Cannot open include file: 'glew.h': No such file or directory
  Seek.cpp
D:\CapstoneProject\GameEngines4\Engine\Rendering\3D\Mesh.h(4,10): fatal error C1083: Cannot open include file: 'glew.h': No such file or directory
  SteeringOutput.cpp
D:\CapstoneProject\GameEngines4\Engine\Rendering\3D\Mesh.h(4,10): fatal error C1083: Cannot open include file: 'glew.h': No such file or directory
  SpriteSurface.cpp
D:\CapstoneProject\GameEngines4\Engine\Rendering\2D\SpriteSurface.h(4,10): fatal error C1083: Cannot open include file: 'glew.h': No such file or directory
  Generating Code...
