d:\capstoneproject\gameengines4\debug\vc142.pdb
d:\capstoneproject\gameengines4\debug\vc142.idb
d:\capstoneproject\gameengines4\debug\mouseeventlistener.obj
d:\capstoneproject\gameengines4\debug\texturehandler.obj
d:\capstoneproject\gameengines4\debug\shaderhandler.obj
d:\capstoneproject\gameengines4\debug\model.obj
d:\capstoneproject\gameengines4\debug\mesh.obj
d:\capstoneproject\gameengines4\debug\startscene.obj
d:\capstoneproject\gameengines4\debug\timer.obj
d:\capstoneproject\gameengines4\debug\window.obj
d:\capstoneproject\gameengines4\debug\main.obj
d:\capstoneproject\gameengines4\debug\loadobjmodel.obj
d:\capstoneproject\gameengines4\debug\lightsource.obj
d:\capstoneproject\gameengines4\debug\gametest.obj
d:\capstoneproject\gameengines4\debug\gamescene.obj
d:\capstoneproject\gameengines4\debug\eventlistener.obj
d:\capstoneproject\gameengines4\debug\gameobject.obj
d:\capstoneproject\gameengines4\debug\coreengine.obj
d:\capstoneproject\gameengines4\debug\debug.obj
d:\capstoneproject\gameengines4\debug\camera.obj
d:\capstoneproject\gameengines4\debug\collisionhandler.obj
d:\capstoneproject\gameengines4\debug\collisiondetection.obj
d:\capstoneproject\gameengines4\debug\octspatialpartition.obj
d:\capstoneproject\gameengines4\debug\materialloader.obj
d:\capstoneproject\gameengines4\debug\materialhandler.obj
d:\capstoneproject\gameengines4\debug\scenegraph.obj
d:\capstoneproject\debug\gameengines4.ilk
d:\capstoneproject\debug\gameengines4.exe
d:\capstoneproject\debug\gameengines4.pdb
d:\capstoneproject\gameengines4\debug\gameengines4.tlog\cl.command.1.tlog
d:\capstoneproject\gameengines4\debug\gameengines4.tlog\cl.read.1.tlog
d:\capstoneproject\gameengines4\debug\gameengines4.tlog\cl.write.1.tlog
d:\capstoneproject\gameengines4\debug\gameengines4.tlog\link.command.1.tlog
d:\capstoneproject\gameengines4\debug\gameengines4.tlog\link.read.1.tlog
d:\capstoneproject\gameengines4\debug\gameengines4.tlog\link.write.1.tlog
