  Debug.cpp
  CoreEngine.cpp
d:\semeter4\gameengine4\gameengines4\gameengines4\engine\core\window.h(5): fatal error C1083: Cannot open include file: 'SDL.h': No such file or directory
  GameObject.cpp
d:\semeter4\gameengine4\gameengines4\gameengines4\engine\rendering\3d\mesh.h(4): fatal error C1083: Cannot open include file: 'glew.h': No such file or directory
  GameScene.cpp
d:\semeter4\gameengine4\gameengines4\gameengines4\engine\core\window.h(5): fatal error C1083: Cannot open include file: 'SDL.h': No such file or directory
  GameTest.cpp
d:\semeter4\gameengine4\gameengines4\gameengines4\engine\core\window.h(5): fatal error C1083: Cannot open include file: 'SDL.h': No such file or directory
  Main.cpp
d:\semeter4\gameengine4\gameengines4\gameengines4\engine\core\window.h(5): fatal error C1083: Cannot open include file: 'SDL.h': No such file or directory
  Window.cpp
d:\semeter4\gameengine4\gameengines4\gameengines4\engine\core\window.h(5): fatal error C1083: Cannot open include file: 'SDL.h': No such file or directory
  Timer.cpp
d:\semeter4\gameengine4\gameengines4\gameengines4\engine\core\timer.h(4): fatal error C1083: Cannot open include file: 'SDL.h': No such file or directory
  StartScene.cpp
d:\semeter4\gameengine4\gameengines4\gameengines4\engine\core\window.h(5): fatal error C1083: Cannot open include file: 'SDL.h': No such file or directory
  Mesh.cpp
d:\semeter4\gameengine4\gameengines4\gameengines4\engine\rendering\3d\mesh.h(4): fatal error C1083: Cannot open include file: 'glew.h': No such file or directory
  Model.cpp
d:\semeter4\gameengine4\gameengines4\gameengines4\engine\rendering\3d\mesh.h(4): fatal error C1083: Cannot open include file: 'glew.h': No such file or directory
  Generating Code...
